<?xml version="1.0" encoding="UTF-8"?>
<!-- Generated by org.testng.reporters.JUnitReportReporter -->
<testsuite hostname="LAPTOP-SRCJA9U0" failures="0" tests="2" name="testcases.LoginTestCase" time="24.012" errors="0" timestamp="2024-04-10T23:15:26 IST" skipped="0">
  <testcase classname="testcases.LoginTestCase" name="successfulLogin" time="12.459"/>
  <system-out/>
  <testcase classname="testcases.LoginTestCase" name="LoginwithInvalidpassword" time="11.553"/>
  <system-out/>
</testsuite> <!-- testcases.LoginTestCase -->
