<?xml version="1.0" encoding="UTF-8"?>
<!-- Generated by org.testng.reporters.JUnitReportReporter -->
<testsuite hostname="LAPTOP-SRCJA9U0" failures="0" tests="1" name="testcases.LoginTestCase" time="54.541" errors="0" timestamp="2024-04-07T15:50:14 IST" skipped="0">
  <testcase classname="testcases.LoginTestCase" name="successfulLogin" time="54.541"/>
  <system-out/>
</testsuite> <!-- testcases.LoginTestCase -->
