<?xml version="1.0" encoding="UTF-8"?>
<!-- Generated by org.testng.reporters.JUnitReportReporter -->
<testsuite hostname="LAPTOP-SRCJA9U0" failures="0" tests="2" name="testcases.LoginTestCase" time="36.123" errors="0" timestamp="2024-04-11T12:36:58 IST" skipped="0">
  <testcase classname="testcases.LoginTestCase" name="successfulLogin" time="22.007"/>
  <system-out/>
  <testcase classname="testcases.LoginTestCase" name="LoginwithInvalidpassword" time="14.116"/>
  <system-out/>
</testsuite> <!-- testcases.LoginTestCase -->
