<?xml version="1.0" encoding="UTF-8"?>
<!-- Generated by org.testng.reporters.JUnitReportReporter -->
<testsuite hostname="LAPTOP-SRCJA9U0" failures="0" tests="2" name="testcases.LoginTestCase" time="35.733" errors="0" timestamp="2024-04-10T21:35:41 IST" skipped="0">
  <testcase classname="testcases.LoginTestCase" name="successfulLogin" time="17.974"/>
  <system-out/>
  <testcase classname="testcases.LoginTestCase" name="LoginwithInvalidpassword" time="17.759"/>
  <system-out/>
</testsuite> <!-- testcases.LoginTestCase -->
