<?xml version="1.0" encoding="UTF-8"?>
<!-- Generated by org.testng.reporters.JUnitReportReporter -->
<testsuite hostname="LAPTOP-SRCJA9U0" failures="0" tests="1" name="testcases.NewAdminUserCreationTest" time="34.995" errors="0" timestamp="2024-04-07T22:40:11 IST" skipped="0">
  <testcase classname="testcases.NewAdminUserCreationTest" name="createAdminUser" time="34.995"/>
  <system-out/>
</testsuite> <!-- testcases.NewAdminUserCreationTest -->
