<?xml version="1.0" encoding="UTF-8"?>
<!-- Generated by org.testng.reporters.JUnitReportReporter -->
<testsuite hostname="LAPTOP-SRCJA9U0" failures="0" tests="2" name="testcases.LoginTestCase" time="112.244" errors="0" timestamp="2024-04-08T20:49:00 IST" skipped="0">
  <testcase classname="testcases.LoginTestCase" name="successfulLogin" time="23.278"/>
  <system-out/>
  <testcase classname="testcases.LoginTestCase" name="LoginwithInvalidpassword" time="88.966"/>
  <system-out/>
</testsuite> <!-- testcases.LoginTestCase -->
